TN:
SF:src/MockERC20.sol
FN:10,MockERC20.mint
FNDA:2,MockERC20.mint
FNF:1
FNH:1
DA:10,2
DA:11,2
LF:2
LH:2
end_of_record
TN:
SF:src/TokenBridge.sol
FN:102,TokenBridge._lzReceive
FN:37,TokenBridge.constructor
FN:52,TokenBridge.lockTokens
FN:83,TokenBridge.quote
FN:98,TokenBridge.createLzReceiveOption
FNDA:0,TokenBridge._lzReceive
FNDA:2,TokenBridge.constructor
FNDA:1,TokenBridge.lockTokens
FNDA:1,TokenBridge.quote
FNDA:0,TokenBridge.createLzReceiveOption
FNF:5
FNH:3
DA:37,2
DA:41,2
DA:43,2
DA:44,2
DA:52,1
DA:53,1
DA:54,1
DA:57,1
DA:58,1
DA:60,0
DA:61,1
DA:64,1
DA:66,1
DA:68,1
DA:70,1
DA:71,1
DA:72,1
DA:73,1
DA:83,1
DA:88,2
DA:89,2
DA:98,0
DA:99,3
DA:102,0
LF:24
LH:21
end_of_record
